2025-03-19 18:58:00,670 - INFO - Scraping page 6673
2025-03-19 18:58:30,898 - ERROR - Request error: HTTPSConnectionPool(host='sinta.kemdikbud.go.id', port=443): Read timed out. (read timeout=30)
2025-03-19 18:59:04,991 - WARNING - No journals found on page 6673. Checking if we're blocked or page structure changed.
2025-03-19 18:59:04,994 - ERROR - Possible captcha or login page detected. Pausing for 5 minutes...
2025-03-19 19:05:10,116 - INFO - Scraping page 6673
2025-03-19 19:05:20,212 - ERROR - Request error: HTTPSConnectionPool(host='sinta.kemdikbud.go.id', port=443): Read timed out. (read timeout=10)
2025-03-19 19:05:22,921 - WARNING - No journals found on page 6673. Checking for captcha...
2025-03-19 19:05:22,923 - ERROR - Captcha detected! Pausing for 10 minutes...
2025-03-25 20:06:09,904 - INFO - Processing page 6673: https://sinta.kemdikbud.go.id/google?page=6673
2025-03-25 20:06:40,135 - WARNING - Request failed (attempt 1): HTTPSConnectionPool(host='sinta.kemdikbud.go.id', port=443): Read timed out. (read timeout=30)
2025-03-25 20:06:47,592 - WARNING - No articles found on page 6673. Possible page structure change.
2025-03-25 20:06:47,594 - ERROR - Could not find any articles on page 6673
2025-03-25 20:06:47,595 - INFO - Processing page 6674: https://sinta.kemdikbud.go.id/google?page=6674
2025-03-25 20:07:03,214 - WARNING - No articles found on page 6674. Possible page structure change.
2025-03-25 20:07:03,217 - ERROR - Could not find any articles on page 6674
2025-03-25 20:07:03,218 - INFO - Processing page 6675: https://sinta.kemdikbud.go.id/google?page=6675
2025-03-25 20:07:05,164 - WARNING - No articles found on page 6675. Possible page structure change.
2025-03-25 20:07:05,166 - ERROR - Could not find any articles on page 6675
2025-03-25 20:07:05,167 - INFO - Processing page 6676: https://sinta.kemdikbud.go.id/google?page=6676
2025-03-25 20:07:35,334 - WARNING - Request failed (attempt 1): HTTPSConnectionPool(host='sinta.kemdikbud.go.id', port=443): Read timed out. (read timeout=30)
2025-03-25 20:07:38,493 - WARNING - No articles found on page 6676. Possible page structure change.
2025-03-25 20:07:38,494 - ERROR - Could not find any articles on page 6676
2025-03-25 20:07:38,495 - INFO - Processing page 6677: https://sinta.kemdikbud.go.id/google?page=6677
2025-03-25 20:07:39,337 - WARNING - No articles found on page 6677. Possible page structure change.
2025-03-25 20:07:39,340 - ERROR - Could not find any articles on page 6677
2025-03-25 20:07:39,340 - INFO - Processing page 6678: https://sinta.kemdikbud.go.id/google?page=6678
2025-03-25 20:08:09,502 - WARNING - Request failed (attempt 1): HTTPSConnectionPool(host='sinta.kemdikbud.go.id', port=443): Read timed out. (read timeout=30)
2025-03-25 20:08:12,415 - WARNING - No articles found on page 6678. Possible page structure change.
2025-03-25 20:08:12,416 - ERROR - Could not find any articles on page 6678
2025-03-25 20:08:12,417 - INFO - Processing page 6679: https://sinta.kemdikbud.go.id/google?page=6679
2025-03-25 20:08:13,497 - WARNING - No articles found on page 6679. Possible page structure change.
2025-03-25 20:08:13,499 - ERROR - Could not find any articles on page 6679
2025-03-25 20:08:13,500 - INFO - Processing page 6680: https://sinta.kemdikbud.go.id/google?page=6680
2025-03-25 20:08:14,666 - WARNING - No articles found on page 6680. Possible page structure change.
2025-03-25 20:08:14,668 - ERROR - Could not find any articles on page 6680
2025-03-25 20:08:14,668 - INFO - Processing page 6681: https://sinta.kemdikbud.go.id/google?page=6681
2025-03-25 20:08:15,348 - WARNING - No articles found on page 6681. Possible page structure change.
2025-03-25 20:08:15,350 - ERROR - Could not find any articles on page 6681
2025-03-25 20:08:15,351 - INFO - Processing page 6682: https://sinta.kemdikbud.go.id/google?page=6682
2025-03-25 20:08:22,373 - WARNING - No articles found on page 6682. Possible page structure change.
2025-03-25 20:08:22,375 - ERROR - Could not find any articles on page 6682
2025-03-25 20:08:22,376 - INFO - Processing page 6683: https://sinta.kemdikbud.go.id/google?page=6683
2025-03-25 20:08:24,663 - WARNING - No articles found on page 6683. Possible page structure change.
2025-03-25 20:08:24,664 - ERROR - Could not find any articles on page 6683
2025-03-25 20:08:24,665 - INFO - Processing page 6684: https://sinta.kemdikbud.go.id/google?page=6684
2025-03-25 20:08:25,319 - WARNING - No articles found on page 6684. Possible page structure change.
2025-03-25 20:08:25,321 - ERROR - Could not find any articles on page 6684
2025-03-25 20:08:25,322 - INFO - Processing page 6685: https://sinta.kemdikbud.go.id/google?page=6685
2025-03-25 20:08:26,113 - WARNING - No articles found on page 6685. Possible page structure change.
2025-03-25 20:08:26,115 - ERROR - Could not find any articles on page 6685
2025-03-25 20:08:26,116 - INFO - Processing page 6686: https://sinta.kemdikbud.go.id/google?page=6686
2025-03-25 20:08:29,899 - WARNING - No articles found on page 6686. Possible page structure change.
2025-03-25 20:08:29,900 - ERROR - Could not find any articles on page 6686
2025-03-25 20:08:29,901 - INFO - Processing page 6687: https://sinta.kemdikbud.go.id/google?page=6687
2025-03-25 20:14:22,537 - INFO - Scraping page 6673...
2025-03-25 20:14:22,538 - ERROR - 
Unexpected error: cannot access local variable 'session' where it is not associated with a value
2025-03-25 20:14:22,540 - INFO - Checkpoint saved at page 6673
2025-03-25 20:14:22,545 - ERROR - Error saving final results: 'Citations'
2025-03-25 20:14:22,546 - WARNING - No data was scraped!
2025-03-25 20:17:00,981 - INFO - Resuming scraping from page 6674...
2025-03-25 20:17:00,991 - INFO - Scraping page 6674...
2025-03-25 20:17:10,923 - WARNING - No articles found on page 6674. Checking for alternative structure...
2025-03-25 20:17:10,929 - INFO - Extracted 3 articles from page 6674
2025-03-25 20:17:12,837 - INFO - Scraping page 6675...
2025-03-25 20:17:15,594 - WARNING - No articles found on page 6675. Checking for alternative structure...
2025-03-25 20:17:15,599 - INFO - Extracted 3 articles from page 6675
2025-03-25 20:17:15,601 - INFO - Checkpoint saved at page 6675
2025-03-25 20:17:15,645 - INFO - Temporary data saved to data/scraping_results_temp_6675.csv
2025-03-25 20:17:17,505 - INFO - Scraping page 6676...
2025-03-25 20:17:18,426 - WARNING - No articles found on page 6676. Checking for alternative structure...
2025-03-25 20:17:18,432 - INFO - Extracted 3 articles from page 6676
2025-03-25 20:17:20,564 - INFO - Scraping page 6677...
2025-03-25 20:17:23,276 - WARNING - No articles found on page 6677. Checking for alternative structure...
2025-03-25 20:17:23,281 - INFO - Extracted 3 articles from page 6677
2025-03-25 20:17:25,057 - INFO - Scraping page 6678...
2025-03-25 20:17:26,762 - WARNING - No articles found on page 6678. Checking for alternative structure...
2025-03-25 20:17:26,767 - INFO - Extracted 3 articles from page 6678
2025-03-25 20:17:28,391 - INFO - Scraping page 6679...
2025-03-25 20:17:30,427 - WARNING - No articles found on page 6679. Checking for alternative structure...
2025-03-25 20:17:30,434 - INFO - Extracted 3 articles from page 6679
2025-03-25 20:17:32,072 - INFO - Scraping page 6680...
2025-03-25 20:17:32,960 - WARNING - No articles found on page 6680. Checking for alternative structure...
2025-03-25 20:17:32,964 - INFO - Extracted 3 articles from page 6680
2025-03-25 20:17:32,968 - INFO - Checkpoint saved at page 6680
2025-03-25 20:17:32,971 - INFO - Temporary data saved to data/scraping_results_temp_6680.csv
2025-03-25 20:17:34,836 - INFO - Scraping page 6681...
2025-03-25 20:17:36,052 - WARNING - No articles found on page 6681. Checking for alternative structure...
2025-03-25 20:17:36,058 - INFO - Extracted 3 articles from page 6681
2025-03-25 20:17:37,825 - INFO - Scraping page 6682...
2025-03-25 20:17:38,583 - WARNING - No articles found on page 6682. Checking for alternative structure...
2025-03-25 20:17:38,589 - INFO - Extracted 3 articles from page 6682
2025-03-25 20:17:40,441 - INFO - Scraping page 6683...
2025-03-25 20:17:42,785 - WARNING - No articles found on page 6683. Checking for alternative structure...
2025-03-25 20:17:42,791 - INFO - Extracted 3 articles from page 6683
2025-03-25 20:17:44,668 - INFO - Scraping page 6684...
2025-03-25 20:17:45,289 - WARNING - No articles found on page 6684. Checking for alternative structure...
2025-03-25 20:17:45,293 - INFO - Extracted 3 articles from page 6684
2025-03-25 20:17:47,573 - INFO - Scraping page 6685...
2025-03-25 20:17:48,193 - WARNING - No articles found on page 6685. Checking for alternative structure...
2025-03-25 20:17:48,199 - INFO - Extracted 3 articles from page 6685
2025-03-25 20:17:48,202 - INFO - Checkpoint saved at page 6685
2025-03-25 20:17:48,205 - INFO - Temporary data saved to data/scraping_results_temp_6685.csv
2025-03-25 20:17:50,133 - INFO - Scraping page 6686...
2025-03-25 20:17:50,662 - WARNING - No articles found on page 6686. Checking for alternative structure...
2025-03-25 20:17:50,667 - INFO - Extracted 3 articles from page 6686
2025-03-25 20:17:52,409 - INFO - Scraping page 6687...
2025-03-25 20:17:53,044 - WARNING - No articles found on page 6687. Checking for alternative structure...
2025-03-25 20:17:53,050 - INFO - Extracted 3 articles from page 6687
2025-03-25 20:17:54,688 - INFO - Scraping page 6688...
2025-03-25 20:17:55,202 - WARNING - No articles found on page 6688. Checking for alternative structure...
2025-03-25 20:17:55,207 - INFO - Extracted 3 articles from page 6688
2025-03-25 20:17:57,000 - INFO - Scraping page 6689...
2025-03-25 20:17:57,531 - WARNING - No articles found on page 6689. Checking for alternative structure...
2025-03-25 20:17:57,537 - INFO - Extracted 3 articles from page 6689
2025-03-25 20:17:59,804 - INFO - Scraping page 6690...
2025-03-25 20:18:00,315 - WARNING - No articles found on page 6690. Checking for alternative structure...
2025-03-25 20:18:00,320 - INFO - Extracted 3 articles from page 6690
2025-03-25 20:18:00,323 - INFO - Checkpoint saved at page 6690
2025-03-25 20:18:00,327 - INFO - Temporary data saved to data/scraping_results_temp_6690.csv
2025-03-25 20:18:02,194 - INFO - Scraping page 6691...
2025-03-25 20:18:02,701 - WARNING - No articles found on page 6691. Checking for alternative structure...
2025-03-25 20:18:02,707 - INFO - Extracted 3 articles from page 6691
2025-03-25 20:18:04,551 - INFO - Scraping page 6692...
2025-03-25 20:18:05,000 - WARNING - No articles found on page 6692. Checking for alternative structure...
2025-03-25 20:18:05,005 - INFO - Extracted 3 articles from page 6692
2025-03-25 20:18:06,840 - INFO - Scraping page 6693...
2025-03-25 20:18:07,361 - WARNING - No articles found on page 6693. Checking for alternative structure...
2025-03-25 20:18:07,367 - INFO - Extracted 3 articles from page 6693
2025-03-25 20:18:09,344 - INFO - Scraping page 6694...
2025-03-25 20:18:09,880 - WARNING - No articles found on page 6694. Checking for alternative structure...
2025-03-25 20:18:09,886 - INFO - Extracted 3 articles from page 6694
2025-03-25 20:23:48,003 - INFO - Resuming scraping from page 6691...
2025-03-25 20:23:48,015 - INFO - Scraping page 6691...
2025-03-25 20:23:50,745 - ERROR - No articles found on page 6691 with any selector
2025-03-25 20:23:50,747 - INFO - Scraping page 6692...
2025-03-25 20:23:56,956 - ERROR - No articles found on page 6692 with any selector
2025-03-25 20:23:56,957 - INFO - Scraping page 6693...
2025-03-25 20:23:57,593 - ERROR - No articles found on page 6693 with any selector
2025-03-25 20:23:57,594 - INFO - Scraping page 6694...
2025-03-25 20:23:58,148 - ERROR - No articles found on page 6694 with any selector
2025-03-25 20:23:58,149 - INFO - Scraping page 6695...
2025-03-25 20:23:58,702 - ERROR - No articles found on page 6695 with any selector
2025-03-25 20:23:58,703 - INFO - Scraping page 6696...
2025-03-25 20:23:59,489 - ERROR - No articles found on page 6696 with any selector
2025-03-25 20:23:59,490 - INFO - Scraping page 6697...
2025-03-25 20:24:02,890 - ERROR - No articles found on page 6697 with any selector
2025-03-25 20:24:02,891 - INFO - Scraping page 6698...
2025-03-25 20:24:05,010 - ERROR - No articles found on page 6698 with any selector
2025-03-25 20:24:05,011 - INFO - Scraping page 6699...
2025-03-25 20:24:06,368 - ERROR - No articles found on page 6699 with any selector
2025-03-25 20:24:06,369 - INFO - Scraping page 6700...
2025-03-25 20:24:06,957 - ERROR - No articles found on page 6700 with any selector
2025-03-25 20:24:06,959 - INFO - Scraping page 6701...
2025-03-25 20:24:07,900 - ERROR - No articles found on page 6701 with any selector
2025-03-25 20:24:07,901 - INFO - Scraping page 6702...
2025-03-25 20:24:08,416 - ERROR - No articles found on page 6702 with any selector
2025-03-25 20:24:08,417 - INFO - Scraping page 6703...
2025-03-25 20:24:09,870 - ERROR - No articles found on page 6703 with any selector
2025-03-25 20:24:09,871 - INFO - Scraping page 6704...
2025-03-25 20:45:40,864 - ERROR: Error saat login: 'NoneType' object is not subscriptable
2025-03-25 20:45:40,865 - WARNING: Tidak ada data yang berhasil di-scrape.
2025-03-25 22:58:39,461 - ERROR: Error saat login: 'NoneType' object is not subscriptable
2025-03-25 22:58:39,462 - WARNING: Tidak ada data yang berhasil di-scrape.
